
=== Sat Mar 12 04:12:31 2022

Packages were changed.
Update Mode: updateDependencies

The following packages were updated:
  com.unity.2d.animation from version 5.0.3 to 5.1.0
  com.unity.2d.psdimporter from version 4.0.2 to 4.2.0
  com.unity.2d.spriteshape from version 5.1.0 to 5.2.0
  com.unity.collab-proxy from version 1.3.9 to 1.15.12
  com.unity.ide.visualstudio from version 2.0.5 to 2.0.14
  com.unity.ide.vscode from version 1.2.3 to 1.2.4
  com.unity.render-pipelines.universal from version 10.2.2 to 10.8.1
  com.unity.test-framework from version 1.1.19 to 1.1.29
  com.unity.textmeshpro from version 3.0.1 to 3.0.6
  com.unity.timeline from version 1.4.4 to 1.4.8

=== Mon May  6 22:50:42 2024

Packages were changed.
Update Mode: updateDependencies

The following packages were added:
  com.unity.ai.navigation@1.1.5
The following packages were updated:
  com.unity.2d.animation from version 5.1.0 to 9.1.0
  com.unity.2d.pixel-perfect from version 4.0.1 to 5.0.3
  com.unity.2d.psdimporter from version 4.2.0 to 8.0.4
  com.unity.2d.spriteshape from version 5.2.0 to 9.0.2
  com.unity.collab-proxy from version 1.15.12 to 2.3.1
  com.unity.ide.rider from version 2.0.7 to 3.0.28
  com.unity.ide.visualstudio from version 2.0.14 to 2.0.22
  com.unity.ide.vscode from version 1.2.4 to 1.2.5
  com.unity.render-pipelines.universal from version 10.8.1 to 14.0.11
  com.unity.test-framework from version 1.1.29 to 1.1.33
  com.unity.timeline from version 1.4.8 to 1.7.6
